### NumEvents 20000 20000
Extracting xfx for NNPDF31_nnlo_as_0118_nf_4 0
Extracting xfx for NNPDF31_nnlo_as_0118_nf_4 1
Extracting xfx for NNPDF31_nnlo_as_0118_nf_4 2
Extracting xfx for NNPDF31_nnlo_as_0118_nf_4 3
Extracting xfx for NNPDF31_nnlo_as_0118_nf_4 4
Extracting xfx for NNPDF31_nnlo_as_0118_nf_4 5
Extracting xfx for NNPDF31_nnlo_as_0118_nf_4 6
Extracting xfx for NNPDF31_nnlo_as_0118_nf_4 7
Extracting xfx for NNPDF31_nnlo_as_0118_nf_4 8
Extracting xfx for NNPDF31_nnlo_as_0118_nf_4 9
Extracting xfx for NNPDF31_nnlo_as_0118_nf_4 10
Extracting xfx for NNPDF31_nnlo_as_0118_nf_4 11
Extracting xfx for NNPDF31_nnlo_as_0118_nf_4 12
Extracting xfx for NNPDF31_nnlo_as_0118_nf_4 13
Extracting xfx for NNPDF31_nnlo_as_0118_nf_4 14
Extracting xfx for NNPDF31_nnlo_as_0118_nf_4 15
Extracting xfx for NNPDF31_nnlo_as_0118_nf_4 16
Extracting xfx for NNPDF31_nnlo_as_0118_nf_4 17
Extracting xfx for NNPDF31_nnlo_as_0118_nf_4 18
Extracting xfx for NNPDF31_nnlo_as_0118_nf_4 19
Extracting xfx for NNPDF31_nnlo_as_0118_nf_4 20
Extracting xfx for NNPDF31_nnlo_as_0118_nf_4 21
Extracting xfx for NNPDF31_nnlo_as_0118_nf_4 22
Extracting xfx for NNPDF31_nnlo_as_0118_nf_4 23
Extracting xfx for NNPDF31_nnlo_as_0118_nf_4 24
Extracting xfx for NNPDF31_nnlo_as_0118_nf_4 25
Extracting xfx for NNPDF31_nnlo_as_0118_nf_4 26
Extracting xfx for NNPDF31_nnlo_as_0118_nf_4 27
Extracting xfx for NNPDF31_nnlo_as_0118_nf_4 28
Extracting xfx for NNPDF31_nnlo_as_0118_nf_4 29
Extracting xfx for NNPDF31_nnlo_as_0118_nf_4 30
Extracting xfx for NNPDF31_nnlo_as_0118_nf_4 31
Extracting xfx for NNPDF31_nnlo_as_0118_nf_4 32
Extracting xfx for NNPDF31_nnlo_as_0118_nf_4 33
Extracting xfx for NNPDF31_nnlo_as_0118_nf_4 34
Extracting xfx for NNPDF31_nnlo_as_0118_nf_4 35
Extracting xfx for NNPDF31_nnlo_as_0118_nf_4 36
Extracting xfx for NNPDF31_nnlo_as_0118_nf_4 37
Extracting xfx for NNPDF31_nnlo_as_0118_nf_4 38
Extracting xfx for NNPDF31_nnlo_as_0118_nf_4 39
Extracting xfx for NNPDF31_nnlo_as_0118_nf_4 40
Extracting xfx for NNPDF31_nnlo_as_0118_nf_4 41
Extracting xfx for NNPDF31_nnlo_as_0118_nf_4 42
Extracting xfx for NNPDF31_nnlo_as_0118_nf_4 43
Extracting xfx for NNPDF31_nnlo_as_0118_nf_4 44
Extracting xfx for NNPDF31_nnlo_as_0118_nf_4 45
Extracting xfx for NNPDF31_nnlo_as_0118_nf_4 46
Extracting xfx for NNPDF31_nnlo_as_0118_nf_4 47
Extracting xfx for NNPDF31_nnlo_as_0118_nf_4 48
Extracting xfx for NNPDF31_nnlo_as_0118_nf_4 49
Extracting xfx for NNPDF31_nnlo_as_0118_nf_4 50
Extracting xfx for NNPDF31_nnlo_as_0118_nf_4 51
Extracting xfx for NNPDF31_nnlo_as_0118_nf_4 52
Extracting xfx for NNPDF31_nnlo_as_0118_nf_4 53
Extracting xfx for NNPDF31_nnlo_as_0118_nf_4 54
Extracting xfx for NNPDF31_nnlo_as_0118_nf_4 55
Extracting xfx for NNPDF31_nnlo_as_0118_nf_4 56
Extracting xfx for NNPDF31_nnlo_as_0118_nf_4 57
Extracting xfx for NNPDF31_nnlo_as_0118_nf_4 58
Extracting xfx for NNPDF31_nnlo_as_0118_nf_4 59
Extracting xfx for NNPDF31_nnlo_as_0118_nf_4 60
Extracting xfx for NNPDF31_nnlo_as_0118_nf_4 61
Extracting xfx for NNPDF31_nnlo_as_0118_nf_4 62
Extracting xfx for NNPDF31_nnlo_as_0118_nf_4 63
Extracting xfx for NNPDF31_nnlo_as_0118_nf_4 64
Extracting xfx for NNPDF31_nnlo_as_0118_nf_4 65
Extracting xfx for NNPDF31_nnlo_as_0118_nf_4 66
Extracting xfx for NNPDF31_nnlo_as_0118_nf_4 67
Extracting xfx for NNPDF31_nnlo_as_0118_nf_4 68
Extracting xfx for NNPDF31_nnlo_as_0118_nf_4 69
Extracting xfx for NNPDF31_nnlo_as_0118_nf_4 70
Extracting xfx for NNPDF31_nnlo_as_0118_nf_4 71
Extracting xfx for NNPDF31_nnlo_as_0118_nf_4 72
Extracting xfx for NNPDF31_nnlo_as_0118_nf_4 73
Extracting xfx for NNPDF31_nnlo_as_0118_nf_4 74
Extracting xfx for NNPDF31_nnlo_as_0118_nf_4 75
Extracting xfx for NNPDF31_nnlo_as_0118_nf_4 76
Extracting xfx for NNPDF31_nnlo_as_0118_nf_4 77
Extracting xfx for NNPDF31_nnlo_as_0118_nf_4 78
Extracting xfx for NNPDF31_nnlo_as_0118_nf_4 79
Extracting xfx for NNPDF31_nnlo_as_0118_nf_4 80
Extracting xfx for NNPDF31_nnlo_as_0118_nf_4 81
Extracting xfx for NNPDF31_nnlo_as_0118_nf_4 82
Extracting xfx for NNPDF31_nnlo_as_0118_nf_4 83
Extracting xfx for NNPDF31_nnlo_as_0118_nf_4 84
Extracting xfx for NNPDF31_nnlo_as_0118_nf_4 85
Extracting xfx for NNPDF31_nnlo_as_0118_nf_4 86
Extracting xfx for NNPDF31_nnlo_as_0118_nf_4 87
Extracting xfx for NNPDF31_nnlo_as_0118_nf_4 88
Extracting xfx for NNPDF31_nnlo_as_0118_nf_4 89
Extracting xfx for NNPDF31_nnlo_as_0118_nf_4 90
Extracting xfx for NNPDF31_nnlo_as_0118_nf_4 91
Extracting xfx for NNPDF31_nnlo_as_0118_nf_4 92
Extracting xfx for NNPDF31_nnlo_as_0118_nf_4 93
Extracting xfx for NNPDF31_nnlo_as_0118_nf_4 94
Extracting xfx for NNPDF31_nnlo_as_0118_nf_4 95
Extracting xfx for NNPDF31_nnlo_as_0118_nf_4 96
Extracting xfx for NNPDF31_nnlo_as_0118_nf_4 97
Extracting xfx for NNPDF31_nnlo_as_0118_nf_4 98
Extracting xfx for NNPDF31_nnlo_as_0118_nf_4 99
Extracting xfx for NNPDF31_nnlo_as_0118_nf_4 100
Extracting xfx for PDF4LHC15_nnlo_mc_pdfas 0
Extracting xfx for PDF4LHC15_nnlo_mc_pdfas 1
Extracting xfx for PDF4LHC15_nnlo_mc_pdfas 2
Extracting xfx for PDF4LHC15_nnlo_mc_pdfas 3
Extracting xfx for PDF4LHC15_nnlo_mc_pdfas 4
Extracting xfx for PDF4LHC15_nnlo_mc_pdfas 5
Extracting xfx for PDF4LHC15_nnlo_mc_pdfas 6
Extracting xfx for PDF4LHC15_nnlo_mc_pdfas 7
Extracting xfx for PDF4LHC15_nnlo_mc_pdfas 8
Extracting xfx for PDF4LHC15_nnlo_mc_pdfas 9
Extracting xfx for PDF4LHC15_nnlo_mc_pdfas 10
Extracting xfx for PDF4LHC15_nnlo_mc_pdfas 11
Extracting xfx for PDF4LHC15_nnlo_mc_pdfas 12
Extracting xfx for PDF4LHC15_nnlo_mc_pdfas 13
Extracting xfx for PDF4LHC15_nnlo_mc_pdfas 14
Extracting xfx for PDF4LHC15_nnlo_mc_pdfas 15
Extracting xfx for PDF4LHC15_nnlo_mc_pdfas 16
Extracting xfx for PDF4LHC15_nnlo_mc_pdfas 17
Extracting xfx for PDF4LHC15_nnlo_mc_pdfas 18
Extracting xfx for PDF4LHC15_nnlo_mc_pdfas 19
Extracting xfx for PDF4LHC15_nnlo_mc_pdfas 20
Extracting xfx for PDF4LHC15_nnlo_mc_pdfas 21
Extracting xfx for PDF4LHC15_nnlo_mc_pdfas 22
Extracting xfx for PDF4LHC15_nnlo_mc_pdfas 23
Extracting xfx for PDF4LHC15_nnlo_mc_pdfas 24
Extracting xfx for PDF4LHC15_nnlo_mc_pdfas 25
Extracting xfx for PDF4LHC15_nnlo_mc_pdfas 26
Extracting xfx for PDF4LHC15_nnlo_mc_pdfas 27
Extracting xfx for PDF4LHC15_nnlo_mc_pdfas 28
Extracting xfx for PDF4LHC15_nnlo_mc_pdfas 29
Extracting xfx for PDF4LHC15_nnlo_mc_pdfas 30
Extracting xfx for PDF4LHC15_nnlo_mc_pdfas 31
Extracting xfx for PDF4LHC15_nnlo_mc_pdfas 32
Extracting xfx for PDF4LHC15_nnlo_mc_pdfas 33
Extracting xfx for PDF4LHC15_nnlo_mc_pdfas 34
Extracting xfx for PDF4LHC15_nnlo_mc_pdfas 35
Extracting xfx for PDF4LHC15_nnlo_mc_pdfas 36
Extracting xfx for PDF4LHC15_nnlo_mc_pdfas 37
Extracting xfx for PDF4LHC15_nnlo_mc_pdfas 38
Extracting xfx for PDF4LHC15_nnlo_mc_pdfas 39
Extracting xfx for PDF4LHC15_nnlo_mc_pdfas 40
Extracting xfx for PDF4LHC15_nnlo_mc_pdfas 41
Extracting xfx for PDF4LHC15_nnlo_mc_pdfas 42
Extracting xfx for PDF4LHC15_nnlo_mc_pdfas 43
Extracting xfx for PDF4LHC15_nnlo_mc_pdfas 44
Extracting xfx for PDF4LHC15_nnlo_mc_pdfas 45
Extracting xfx for PDF4LHC15_nnlo_mc_pdfas 46
Extracting xfx for PDF4LHC15_nnlo_mc_pdfas 47
Extracting xfx for PDF4LHC15_nnlo_mc_pdfas 48
Extracting xfx for PDF4LHC15_nnlo_mc_pdfas 49
Extracting xfx for PDF4LHC15_nnlo_mc_pdfas 50
Extracting xfx for PDF4LHC15_nnlo_mc_pdfas 51
Extracting xfx for PDF4LHC15_nnlo_mc_pdfas 52
Extracting xfx for PDF4LHC15_nnlo_mc_pdfas 53
Extracting xfx for PDF4LHC15_nnlo_mc_pdfas 54
Extracting xfx for PDF4LHC15_nnlo_mc_pdfas 55
Extracting xfx for PDF4LHC15_nnlo_mc_pdfas 56
Extracting xfx for PDF4LHC15_nnlo_mc_pdfas 57
Extracting xfx for PDF4LHC15_nnlo_mc_pdfas 58
Extracting xfx for PDF4LHC15_nnlo_mc_pdfas 59
Extracting xfx for PDF4LHC15_nnlo_mc_pdfas 60
Extracting xfx for PDF4LHC15_nnlo_mc_pdfas 61
Extracting xfx for PDF4LHC15_nnlo_mc_pdfas 62
Extracting xfx for PDF4LHC15_nnlo_mc_pdfas 63
Extracting xfx for PDF4LHC15_nnlo_mc_pdfas 64
Extracting xfx for PDF4LHC15_nnlo_mc_pdfas 65
Extracting xfx for PDF4LHC15_nnlo_mc_pdfas 66
Extracting xfx for PDF4LHC15_nnlo_mc_pdfas 67
Extracting xfx for PDF4LHC15_nnlo_mc_pdfas 68
Extracting xfx for PDF4LHC15_nnlo_mc_pdfas 69
Extracting xfx for PDF4LHC15_nnlo_mc_pdfas 70
Extracting xfx for PDF4LHC15_nnlo_mc_pdfas 71
Extracting xfx for PDF4LHC15_nnlo_mc_pdfas 72
Extracting xfx for PDF4LHC15_nnlo_mc_pdfas 73
Extracting xfx for PDF4LHC15_nnlo_mc_pdfas 74
Extracting xfx for PDF4LHC15_nnlo_mc_pdfas 75
Extracting xfx for PDF4LHC15_nnlo_mc_pdfas 76
Extracting xfx for PDF4LHC15_nnlo_mc_pdfas 77
Extracting xfx for PDF4LHC15_nnlo_mc_pdfas 78
Extracting xfx for PDF4LHC15_nnlo_mc_pdfas 79
Extracting xfx for PDF4LHC15_nnlo_mc_pdfas 80
Extracting xfx for PDF4LHC15_nnlo_mc_pdfas 81
Extracting xfx for PDF4LHC15_nnlo_mc_pdfas 82
Extracting xfx for PDF4LHC15_nnlo_mc_pdfas 83
Extracting xfx for PDF4LHC15_nnlo_mc_pdfas 84
Extracting xfx for PDF4LHC15_nnlo_mc_pdfas 85
Extracting xfx for PDF4LHC15_nnlo_mc_pdfas 86
Extracting xfx for PDF4LHC15_nnlo_mc_pdfas 87
Extracting xfx for PDF4LHC15_nnlo_mc_pdfas 88
Extracting xfx for PDF4LHC15_nnlo_mc_pdfas 89
Extracting xfx for PDF4LHC15_nnlo_mc_pdfas 90
Extracting xfx for PDF4LHC15_nnlo_mc_pdfas 91
Extracting xfx for PDF4LHC15_nnlo_mc_pdfas 92
Extracting xfx for PDF4LHC15_nnlo_mc_pdfas 93
Extracting xfx for PDF4LHC15_nnlo_mc_pdfas 94
Extracting xfx for PDF4LHC15_nnlo_mc_pdfas 95
Extracting xfx for PDF4LHC15_nnlo_mc_pdfas 96
Extracting xfx for PDF4LHC15_nnlo_mc_pdfas 97
Extracting xfx for PDF4LHC15_nnlo_mc_pdfas 98
Extracting xfx for PDF4LHC15_nnlo_mc_pdfas 99
Extracting xfx for PDF4LHC15_nnlo_mc_pdfas 100
Extracting xfx for PDF4LHC15_nnlo_mc_pdfas 101
Extracting xfx for PDF4LHC15_nnlo_mc_pdfas 102
Extracting xfx for PDF4LHC15_nnlo_100_pdfas 0
Extracting xfx for PDF4LHC15_nnlo_100_pdfas 1
Extracting xfx for PDF4LHC15_nnlo_100_pdfas 2
Extracting xfx for PDF4LHC15_nnlo_100_pdfas 3
Extracting xfx for PDF4LHC15_nnlo_100_pdfas 4
Extracting xfx for PDF4LHC15_nnlo_100_pdfas 5
Extracting xfx for PDF4LHC15_nnlo_100_pdfas 6
Extracting xfx for PDF4LHC15_nnlo_100_pdfas 7
Extracting xfx for PDF4LHC15_nnlo_100_pdfas 8
Extracting xfx for PDF4LHC15_nnlo_100_pdfas 9
Extracting xfx for PDF4LHC15_nnlo_100_pdfas 10
Extracting xfx for PDF4LHC15_nnlo_100_pdfas 11
Extracting xfx for PDF4LHC15_nnlo_100_pdfas 12
Extracting xfx for PDF4LHC15_nnlo_100_pdfas 13
Extracting xfx for PDF4LHC15_nnlo_100_pdfas 14
Extracting xfx for PDF4LHC15_nnlo_100_pdfas 15
Extracting xfx for PDF4LHC15_nnlo_100_pdfas 16
Extracting xfx for PDF4LHC15_nnlo_100_pdfas 17
Extracting xfx for PDF4LHC15_nnlo_100_pdfas 18
Extracting xfx for PDF4LHC15_nnlo_100_pdfas 19
Extracting xfx for PDF4LHC15_nnlo_100_pdfas 20
Extracting xfx for PDF4LHC15_nnlo_100_pdfas 21
Extracting xfx for PDF4LHC15_nnlo_100_pdfas 22
Extracting xfx for PDF4LHC15_nnlo_100_pdfas 23
Extracting xfx for PDF4LHC15_nnlo_100_pdfas 24
Extracting xfx for PDF4LHC15_nnlo_100_pdfas 25
Extracting xfx for PDF4LHC15_nnlo_100_pdfas 26
Extracting xfx for PDF4LHC15_nnlo_100_pdfas 27
Extracting xfx for PDF4LHC15_nnlo_100_pdfas 28
Extracting xfx for PDF4LHC15_nnlo_100_pdfas 29
Extracting xfx for PDF4LHC15_nnlo_100_pdfas 30
Extracting xfx for PDF4LHC15_nnlo_100_pdfas 31
Extracting xfx for PDF4LHC15_nnlo_100_pdfas 32
Extracting xfx for PDF4LHC15_nnlo_100_pdfas 33
Extracting xfx for PDF4LHC15_nnlo_100_pdfas 34
Extracting xfx for PDF4LHC15_nnlo_100_pdfas 35
Extracting xfx for PDF4LHC15_nnlo_100_pdfas 36
Extracting xfx for PDF4LHC15_nnlo_100_pdfas 37
Extracting xfx for PDF4LHC15_nnlo_100_pdfas 38
Extracting xfx for PDF4LHC15_nnlo_100_pdfas 39
Extracting xfx for PDF4LHC15_nnlo_100_pdfas 40
Extracting xfx for PDF4LHC15_nnlo_100_pdfas 41
Extracting xfx for PDF4LHC15_nnlo_100_pdfas 42
Extracting xfx for PDF4LHC15_nnlo_100_pdfas 43
Extracting xfx for PDF4LHC15_nnlo_100_pdfas 44
Extracting xfx for PDF4LHC15_nnlo_100_pdfas 45
Extracting xfx for PDF4LHC15_nnlo_100_pdfas 46
Extracting xfx for PDF4LHC15_nnlo_100_pdfas 47
Extracting xfx for PDF4LHC15_nnlo_100_pdfas 48
Extracting xfx for PDF4LHC15_nnlo_100_pdfas 49
Extracting xfx for PDF4LHC15_nnlo_100_pdfas 50
Extracting xfx for PDF4LHC15_nnlo_100_pdfas 51
Extracting xfx for PDF4LHC15_nnlo_100_pdfas 52
Extracting xfx for PDF4LHC15_nnlo_100_pdfas 53
Extracting xfx for PDF4LHC15_nnlo_100_pdfas 54
Extracting xfx for PDF4LHC15_nnlo_100_pdfas 55
Extracting xfx for PDF4LHC15_nnlo_100_pdfas 56
Extracting xfx for PDF4LHC15_nnlo_100_pdfas 57
Extracting xfx for PDF4LHC15_nnlo_100_pdfas 58
Extracting xfx for PDF4LHC15_nnlo_100_pdfas 59
Extracting xfx for PDF4LHC15_nnlo_100_pdfas 60
Extracting xfx for PDF4LHC15_nnlo_100_pdfas 61
Extracting xfx for PDF4LHC15_nnlo_100_pdfas 62
Extracting xfx for PDF4LHC15_nnlo_100_pdfas 63
Extracting xfx for PDF4LHC15_nnlo_100_pdfas 64
Extracting xfx for PDF4LHC15_nnlo_100_pdfas 65
Extracting xfx for PDF4LHC15_nnlo_100_pdfas 66
Extracting xfx for PDF4LHC15_nnlo_100_pdfas 67
Extracting xfx for PDF4LHC15_nnlo_100_pdfas 68
Extracting xfx for PDF4LHC15_nnlo_100_pdfas 69
Extracting xfx for PDF4LHC15_nnlo_100_pdfas 70
Extracting xfx for PDF4LHC15_nnlo_100_pdfas 71
Extracting xfx for PDF4LHC15_nnlo_100_pdfas 72
Extracting xfx for PDF4LHC15_nnlo_100_pdfas 73
Extracting xfx for PDF4LHC15_nnlo_100_pdfas 74
Extracting xfx for PDF4LHC15_nnlo_100_pdfas 75
Extracting xfx for PDF4LHC15_nnlo_100_pdfas 76
Extracting xfx for PDF4LHC15_nnlo_100_pdfas 77
Extracting xfx for PDF4LHC15_nnlo_100_pdfas 78
Extracting xfx for PDF4LHC15_nnlo_100_pdfas 79
Extracting xfx for PDF4LHC15_nnlo_100_pdfas 80
Extracting xfx for PDF4LHC15_nnlo_100_pdfas 81
Extracting xfx for PDF4LHC15_nnlo_100_pdfas 82
Extracting xfx for PDF4LHC15_nnlo_100_pdfas 83
Extracting xfx for PDF4LHC15_nnlo_100_pdfas 84
Extracting xfx for PDF4LHC15_nnlo_100_pdfas 85
Extracting xfx for PDF4LHC15_nnlo_100_pdfas 86
Extracting xfx for PDF4LHC15_nnlo_100_pdfas 87
Extracting xfx for PDF4LHC15_nnlo_100_pdfas 88
Extracting xfx for PDF4LHC15_nnlo_100_pdfas 89
Extracting xfx for PDF4LHC15_nnlo_100_pdfas 90
Extracting xfx for PDF4LHC15_nnlo_100_pdfas 91
Extracting xfx for PDF4LHC15_nnlo_100_pdfas 92
Extracting xfx for PDF4LHC15_nnlo_100_pdfas 93
Extracting xfx for PDF4LHC15_nnlo_100_pdfas 94
Extracting xfx for PDF4LHC15_nnlo_100_pdfas 95
Extracting xfx for PDF4LHC15_nnlo_100_pdfas 96
Extracting xfx for PDF4LHC15_nnlo_100_pdfas 97
Extracting xfx for PDF4LHC15_nnlo_100_pdfas 98
Extracting xfx for PDF4LHC15_nnlo_100_pdfas 99
Extracting xfx for PDF4LHC15_nnlo_100_pdfas 100
Extracting xfx for PDF4LHC15_nnlo_100_pdfas 101
Extracting xfx for PDF4LHC15_nnlo_100_pdfas 102
Extracting xfx for PDF4LHC15_nnlo_30_pdfas 0
Extracting xfx for PDF4LHC15_nnlo_30_pdfas 1
Extracting xfx for PDF4LHC15_nnlo_30_pdfas 2
Extracting xfx for PDF4LHC15_nnlo_30_pdfas 3
Extracting xfx for PDF4LHC15_nnlo_30_pdfas 4
Extracting xfx for PDF4LHC15_nnlo_30_pdfas 5
Extracting xfx for PDF4LHC15_nnlo_30_pdfas 6
Extracting xfx for PDF4LHC15_nnlo_30_pdfas 7
Extracting xfx for PDF4LHC15_nnlo_30_pdfas 8
Extracting xfx for PDF4LHC15_nnlo_30_pdfas 9
Extracting xfx for PDF4LHC15_nnlo_30_pdfas 10
Extracting xfx for PDF4LHC15_nnlo_30_pdfas 11
Extracting xfx for PDF4LHC15_nnlo_30_pdfas 12
Extracting xfx for PDF4LHC15_nnlo_30_pdfas 13
Extracting xfx for PDF4LHC15_nnlo_30_pdfas 14
Extracting xfx for PDF4LHC15_nnlo_30_pdfas 15
Extracting xfx for PDF4LHC15_nnlo_30_pdfas 16
Extracting xfx for PDF4LHC15_nnlo_30_pdfas 17
Extracting xfx for PDF4LHC15_nnlo_30_pdfas 18
Extracting xfx for PDF4LHC15_nnlo_30_pdfas 19
Extracting xfx for PDF4LHC15_nnlo_30_pdfas 20
Extracting xfx for PDF4LHC15_nnlo_30_pdfas 21
Extracting xfx for PDF4LHC15_nnlo_30_pdfas 22
Extracting xfx for PDF4LHC15_nnlo_30_pdfas 23
Extracting xfx for PDF4LHC15_nnlo_30_pdfas 24
Extracting xfx for PDF4LHC15_nnlo_30_pdfas 25
Extracting xfx for PDF4LHC15_nnlo_30_pdfas 26
Extracting xfx for PDF4LHC15_nnlo_30_pdfas 27
Extracting xfx for PDF4LHC15_nnlo_30_pdfas 28
Extracting xfx for PDF4LHC15_nnlo_30_pdfas 29
Extracting xfx for PDF4LHC15_nnlo_30_pdfas 30
Extracting xfx for PDF4LHC15_nnlo_30_pdfas 31
Extracting xfx for PDF4LHC15_nnlo_30_pdfas 32
### PDFsetIndex 0 NNPDF31_nnlo_as_0118_nf_4 0
### PDFsetIndex 1 NNPDF31_nnlo_as_0118_nf_4 1
### PDFsetIndex 2 NNPDF31_nnlo_as_0118_nf_4 2
### PDFsetIndex 3 NNPDF31_nnlo_as_0118_nf_4 3
### PDFsetIndex 4 NNPDF31_nnlo_as_0118_nf_4 4
### PDFsetIndex 5 NNPDF31_nnlo_as_0118_nf_4 5
### PDFsetIndex 6 NNPDF31_nnlo_as_0118_nf_4 6
### PDFsetIndex 7 NNPDF31_nnlo_as_0118_nf_4 7
### PDFsetIndex 8 NNPDF31_nnlo_as_0118_nf_4 8
### PDFsetIndex 9 NNPDF31_nnlo_as_0118_nf_4 9
### PDFsetIndex 10 NNPDF31_nnlo_as_0118_nf_4 10
### PDFsetIndex 11 NNPDF31_nnlo_as_0118_nf_4 11
### PDFsetIndex 12 NNPDF31_nnlo_as_0118_nf_4 12
### PDFsetIndex 13 NNPDF31_nnlo_as_0118_nf_4 13
### PDFsetIndex 14 NNPDF31_nnlo_as_0118_nf_4 14
### PDFsetIndex 15 NNPDF31_nnlo_as_0118_nf_4 15
### PDFsetIndex 16 NNPDF31_nnlo_as_0118_nf_4 16
### PDFsetIndex 17 NNPDF31_nnlo_as_0118_nf_4 17
### PDFsetIndex 18 NNPDF31_nnlo_as_0118_nf_4 18
### PDFsetIndex 19 NNPDF31_nnlo_as_0118_nf_4 19
### PDFsetIndex 20 NNPDF31_nnlo_as_0118_nf_4 20
### PDFsetIndex 21 NNPDF31_nnlo_as_0118_nf_4 21
### PDFsetIndex 22 NNPDF31_nnlo_as_0118_nf_4 22
### PDFsetIndex 23 NNPDF31_nnlo_as_0118_nf_4 23
### PDFsetIndex 24 NNPDF31_nnlo_as_0118_nf_4 24
### PDFsetIndex 25 NNPDF31_nnlo_as_0118_nf_4 25
### PDFsetIndex 26 NNPDF31_nnlo_as_0118_nf_4 26
### PDFsetIndex 27 NNPDF31_nnlo_as_0118_nf_4 27
### PDFsetIndex 28 NNPDF31_nnlo_as_0118_nf_4 28
### PDFsetIndex 29 NNPDF31_nnlo_as_0118_nf_4 29
### PDFsetIndex 30 NNPDF31_nnlo_as_0118_nf_4 30
### PDFsetIndex 31 NNPDF31_nnlo_as_0118_nf_4 31
### PDFsetIndex 32 NNPDF31_nnlo_as_0118_nf_4 32
### PDFsetIndex 33 NNPDF31_nnlo_as_0118_nf_4 33
### PDFsetIndex 34 NNPDF31_nnlo_as_0118_nf_4 34
### PDFsetIndex 35 NNPDF31_nnlo_as_0118_nf_4 35
### PDFsetIndex 36 NNPDF31_nnlo_as_0118_nf_4 36
### PDFsetIndex 37 NNPDF31_nnlo_as_0118_nf_4 37
### PDFsetIndex 38 NNPDF31_nnlo_as_0118_nf_4 38
### PDFsetIndex 39 NNPDF31_nnlo_as_0118_nf_4 39
### PDFsetIndex 40 NNPDF31_nnlo_as_0118_nf_4 40
### PDFsetIndex 41 NNPDF31_nnlo_as_0118_nf_4 41
### PDFsetIndex 42 NNPDF31_nnlo_as_0118_nf_4 42
### PDFsetIndex 43 NNPDF31_nnlo_as_0118_nf_4 43
### PDFsetIndex 44 NNPDF31_nnlo_as_0118_nf_4 44
### PDFsetIndex 45 NNPDF31_nnlo_as_0118_nf_4 45
### PDFsetIndex 46 NNPDF31_nnlo_as_0118_nf_4 46
### PDFsetIndex 47 NNPDF31_nnlo_as_0118_nf_4 47
### PDFsetIndex 48 NNPDF31_nnlo_as_0118_nf_4 48
### PDFsetIndex 49 NNPDF31_nnlo_as_0118_nf_4 49
### PDFsetIndex 50 NNPDF31_nnlo_as_0118_nf_4 50
### PDFsetIndex 51 NNPDF31_nnlo_as_0118_nf_4 51
### PDFsetIndex 52 NNPDF31_nnlo_as_0118_nf_4 52
### PDFsetIndex 53 NNPDF31_nnlo_as_0118_nf_4 53
### PDFsetIndex 54 NNPDF31_nnlo_as_0118_nf_4 54
### PDFsetIndex 55 NNPDF31_nnlo_as_0118_nf_4 55
### PDFsetIndex 56 NNPDF31_nnlo_as_0118_nf_4 56
### PDFsetIndex 57 NNPDF31_nnlo_as_0118_nf_4 57
### PDFsetIndex 58 NNPDF31_nnlo_as_0118_nf_4 58
### PDFsetIndex 59 NNPDF31_nnlo_as_0118_nf_4 59
### PDFsetIndex 60 NNPDF31_nnlo_as_0118_nf_4 60
### PDFsetIndex 61 NNPDF31_nnlo_as_0118_nf_4 61
### PDFsetIndex 62 NNPDF31_nnlo_as_0118_nf_4 62
### PDFsetIndex 63 NNPDF31_nnlo_as_0118_nf_4 63
### PDFsetIndex 64 NNPDF31_nnlo_as_0118_nf_4 64
### PDFsetIndex 65 NNPDF31_nnlo_as_0118_nf_4 65
### PDFsetIndex 66 NNPDF31_nnlo_as_0118_nf_4 66
### PDFsetIndex 67 NNPDF31_nnlo_as_0118_nf_4 67
### PDFsetIndex 68 NNPDF31_nnlo_as_0118_nf_4 68
### PDFsetIndex 69 NNPDF31_nnlo_as_0118_nf_4 69
### PDFsetIndex 70 NNPDF31_nnlo_as_0118_nf_4 70
### PDFsetIndex 71 NNPDF31_nnlo_as_0118_nf_4 71
### PDFsetIndex 72 NNPDF31_nnlo_as_0118_nf_4 72
### PDFsetIndex 73 NNPDF31_nnlo_as_0118_nf_4 73
### PDFsetIndex 74 NNPDF31_nnlo_as_0118_nf_4 74
### PDFsetIndex 75 NNPDF31_nnlo_as_0118_nf_4 75
### PDFsetIndex 76 NNPDF31_nnlo_as_0118_nf_4 76
### PDFsetIndex 77 NNPDF31_nnlo_as_0118_nf_4 77
### PDFsetIndex 78 NNPDF31_nnlo_as_0118_nf_4 78
### PDFsetIndex 79 NNPDF31_nnlo_as_0118_nf_4 79
### PDFsetIndex 80 NNPDF31_nnlo_as_0118_nf_4 80
### PDFsetIndex 81 NNPDF31_nnlo_as_0118_nf_4 81
### PDFsetIndex 82 NNPDF31_nnlo_as_0118_nf_4 82
### PDFsetIndex 83 NNPDF31_nnlo_as_0118_nf_4 83
### PDFsetIndex 84 NNPDF31_nnlo_as_0118_nf_4 84
### PDFsetIndex 85 NNPDF31_nnlo_as_0118_nf_4 85
### PDFsetIndex 86 NNPDF31_nnlo_as_0118_nf_4 86
### PDFsetIndex 87 NNPDF31_nnlo_as_0118_nf_4 87
### PDFsetIndex 88 NNPDF31_nnlo_as_0118_nf_4 88
### PDFsetIndex 89 NNPDF31_nnlo_as_0118_nf_4 89
### PDFsetIndex 90 NNPDF31_nnlo_as_0118_nf_4 90
### PDFsetIndex 91 NNPDF31_nnlo_as_0118_nf_4 91
### PDFsetIndex 92 NNPDF31_nnlo_as_0118_nf_4 92
### PDFsetIndex 93 NNPDF31_nnlo_as_0118_nf_4 93
### PDFsetIndex 94 NNPDF31_nnlo_as_0118_nf_4 94
### PDFsetIndex 95 NNPDF31_nnlo_as_0118_nf_4 95
### PDFsetIndex 96 NNPDF31_nnlo_as_0118_nf_4 96
### PDFsetIndex 97 NNPDF31_nnlo_as_0118_nf_4 97
### PDFsetIndex 98 NNPDF31_nnlo_as_0118_nf_4 98
### PDFsetIndex 99 NNPDF31_nnlo_as_0118_nf_4 99
### PDFsetIndex 100 NNPDF31_nnlo_as_0118_nf_4 100
### PDFsetIndex 101 PDF4LHC15_nnlo_mc_pdfas 0
### PDFsetIndex 102 PDF4LHC15_nnlo_mc_pdfas 1
### PDFsetIndex 103 PDF4LHC15_nnlo_mc_pdfas 2
### PDFsetIndex 104 PDF4LHC15_nnlo_mc_pdfas 3
### PDFsetIndex 105 PDF4LHC15_nnlo_mc_pdfas 4
### PDFsetIndex 106 PDF4LHC15_nnlo_mc_pdfas 5
### PDFsetIndex 107 PDF4LHC15_nnlo_mc_pdfas 6
### PDFsetIndex 108 PDF4LHC15_nnlo_mc_pdfas 7
### PDFsetIndex 109 PDF4LHC15_nnlo_mc_pdfas 8
### PDFsetIndex 110 PDF4LHC15_nnlo_mc_pdfas 9
### PDFsetIndex 111 PDF4LHC15_nnlo_mc_pdfas 10
### PDFsetIndex 112 PDF4LHC15_nnlo_mc_pdfas 11
### PDFsetIndex 113 PDF4LHC15_nnlo_mc_pdfas 12
### PDFsetIndex 114 PDF4LHC15_nnlo_mc_pdfas 13
### PDFsetIndex 115 PDF4LHC15_nnlo_mc_pdfas 14
### PDFsetIndex 116 PDF4LHC15_nnlo_mc_pdfas 15
### PDFsetIndex 117 PDF4LHC15_nnlo_mc_pdfas 16
### PDFsetIndex 118 PDF4LHC15_nnlo_mc_pdfas 17
### PDFsetIndex 119 PDF4LHC15_nnlo_mc_pdfas 18
### PDFsetIndex 120 PDF4LHC15_nnlo_mc_pdfas 19
### PDFsetIndex 121 PDF4LHC15_nnlo_mc_pdfas 20
### PDFsetIndex 122 PDF4LHC15_nnlo_mc_pdfas 21
### PDFsetIndex 123 PDF4LHC15_nnlo_mc_pdfas 22
### PDFsetIndex 124 PDF4LHC15_nnlo_mc_pdfas 23
### PDFsetIndex 125 PDF4LHC15_nnlo_mc_pdfas 24
### PDFsetIndex 126 PDF4LHC15_nnlo_mc_pdfas 25
### PDFsetIndex 127 PDF4LHC15_nnlo_mc_pdfas 26
### PDFsetIndex 128 PDF4LHC15_nnlo_mc_pdfas 27
### PDFsetIndex 129 PDF4LHC15_nnlo_mc_pdfas 28
### PDFsetIndex 130 PDF4LHC15_nnlo_mc_pdfas 29
### PDFsetIndex 131 PDF4LHC15_nnlo_mc_pdfas 30
### PDFsetIndex 132 PDF4LHC15_nnlo_mc_pdfas 31
### PDFsetIndex 133 PDF4LHC15_nnlo_mc_pdfas 32
### PDFsetIndex 134 PDF4LHC15_nnlo_mc_pdfas 33
### PDFsetIndex 135 PDF4LHC15_nnlo_mc_pdfas 34
### PDFsetIndex 136 PDF4LHC15_nnlo_mc_pdfas 35
### PDFsetIndex 137 PDF4LHC15_nnlo_mc_pdfas 36
### PDFsetIndex 138 PDF4LHC15_nnlo_mc_pdfas 37
### PDFsetIndex 139 PDF4LHC15_nnlo_mc_pdfas 38
### PDFsetIndex 140 PDF4LHC15_nnlo_mc_pdfas 39
### PDFsetIndex 141 PDF4LHC15_nnlo_mc_pdfas 40
### PDFsetIndex 142 PDF4LHC15_nnlo_mc_pdfas 41
### PDFsetIndex 143 PDF4LHC15_nnlo_mc_pdfas 42
### PDFsetIndex 144 PDF4LHC15_nnlo_mc_pdfas 43
### PDFsetIndex 145 PDF4LHC15_nnlo_mc_pdfas 44
### PDFsetIndex 146 PDF4LHC15_nnlo_mc_pdfas 45
### PDFsetIndex 147 PDF4LHC15_nnlo_mc_pdfas 46
### PDFsetIndex 148 PDF4LHC15_nnlo_mc_pdfas 47
### PDFsetIndex 149 PDF4LHC15_nnlo_mc_pdfas 48
### PDFsetIndex 150 PDF4LHC15_nnlo_mc_pdfas 49
### PDFsetIndex 151 PDF4LHC15_nnlo_mc_pdfas 50
### PDFsetIndex 152 PDF4LHC15_nnlo_mc_pdfas 51
### PDFsetIndex 153 PDF4LHC15_nnlo_mc_pdfas 52
### PDFsetIndex 154 PDF4LHC15_nnlo_mc_pdfas 53
### PDFsetIndex 155 PDF4LHC15_nnlo_mc_pdfas 54
### PDFsetIndex 156 PDF4LHC15_nnlo_mc_pdfas 55
### PDFsetIndex 157 PDF4LHC15_nnlo_mc_pdfas 56
### PDFsetIndex 158 PDF4LHC15_nnlo_mc_pdfas 57
### PDFsetIndex 159 PDF4LHC15_nnlo_mc_pdfas 58
### PDFsetIndex 160 PDF4LHC15_nnlo_mc_pdfas 59
### PDFsetIndex 161 PDF4LHC15_nnlo_mc_pdfas 60
### PDFsetIndex 162 PDF4LHC15_nnlo_mc_pdfas 61
### PDFsetIndex 163 PDF4LHC15_nnlo_mc_pdfas 62
### PDFsetIndex 164 PDF4LHC15_nnlo_mc_pdfas 63
### PDFsetIndex 165 PDF4LHC15_nnlo_mc_pdfas 64
### PDFsetIndex 166 PDF4LHC15_nnlo_mc_pdfas 65
### PDFsetIndex 167 PDF4LHC15_nnlo_mc_pdfas 66
### PDFsetIndex 168 PDF4LHC15_nnlo_mc_pdfas 67
### PDFsetIndex 169 PDF4LHC15_nnlo_mc_pdfas 68
### PDFsetIndex 170 PDF4LHC15_nnlo_mc_pdfas 69
### PDFsetIndex 171 PDF4LHC15_nnlo_mc_pdfas 70
### PDFsetIndex 172 PDF4LHC15_nnlo_mc_pdfas 71
### PDFsetIndex 173 PDF4LHC15_nnlo_mc_pdfas 72
### PDFsetIndex 174 PDF4LHC15_nnlo_mc_pdfas 73
### PDFsetIndex 175 PDF4LHC15_nnlo_mc_pdfas 74
### PDFsetIndex 176 PDF4LHC15_nnlo_mc_pdfas 75
### PDFsetIndex 177 PDF4LHC15_nnlo_mc_pdfas 76
### PDFsetIndex 178 PDF4LHC15_nnlo_mc_pdfas 77
### PDFsetIndex 179 PDF4LHC15_nnlo_mc_pdfas 78
### PDFsetIndex 180 PDF4LHC15_nnlo_mc_pdfas 79
### PDFsetIndex 181 PDF4LHC15_nnlo_mc_pdfas 80
### PDFsetIndex 182 PDF4LHC15_nnlo_mc_pdfas 81
### PDFsetIndex 183 PDF4LHC15_nnlo_mc_pdfas 82
### PDFsetIndex 184 PDF4LHC15_nnlo_mc_pdfas 83
### PDFsetIndex 185 PDF4LHC15_nnlo_mc_pdfas 84
### PDFsetIndex 186 PDF4LHC15_nnlo_mc_pdfas 85
### PDFsetIndex 187 PDF4LHC15_nnlo_mc_pdfas 86
### PDFsetIndex 188 PDF4LHC15_nnlo_mc_pdfas 87
### PDFsetIndex 189 PDF4LHC15_nnlo_mc_pdfas 88
### PDFsetIndex 190 PDF4LHC15_nnlo_mc_pdfas 89
### PDFsetIndex 191 PDF4LHC15_nnlo_mc_pdfas 90
### PDFsetIndex 192 PDF4LHC15_nnlo_mc_pdfas 91
### PDFsetIndex 193 PDF4LHC15_nnlo_mc_pdfas 92
### PDFsetIndex 194 PDF4LHC15_nnlo_mc_pdfas 93
### PDFsetIndex 195 PDF4LHC15_nnlo_mc_pdfas 94
### PDFsetIndex 196 PDF4LHC15_nnlo_mc_pdfas 95
### PDFsetIndex 197 PDF4LHC15_nnlo_mc_pdfas 96
### PDFsetIndex 198 PDF4LHC15_nnlo_mc_pdfas 97
### PDFsetIndex 199 PDF4LHC15_nnlo_mc_pdfas 98
### PDFsetIndex 200 PDF4LHC15_nnlo_mc_pdfas 99
### PDFsetIndex 201 PDF4LHC15_nnlo_mc_pdfas 100
### PDFsetIndex 202 PDF4LHC15_nnlo_mc_pdfas 101
### PDFsetIndex 203 PDF4LHC15_nnlo_mc_pdfas 102
### PDFsetIndex 204 PDF4LHC15_nnlo_100_pdfas 0
### PDFsetIndex 205 PDF4LHC15_nnlo_100_pdfas 1
### PDFsetIndex 206 PDF4LHC15_nnlo_100_pdfas 2
### PDFsetIndex 207 PDF4LHC15_nnlo_100_pdfas 3
### PDFsetIndex 208 PDF4LHC15_nnlo_100_pdfas 4
### PDFsetIndex 209 PDF4LHC15_nnlo_100_pdfas 5
### PDFsetIndex 210 PDF4LHC15_nnlo_100_pdfas 6
### PDFsetIndex 211 PDF4LHC15_nnlo_100_pdfas 7
### PDFsetIndex 212 PDF4LHC15_nnlo_100_pdfas 8
### PDFsetIndex 213 PDF4LHC15_nnlo_100_pdfas 9
### PDFsetIndex 214 PDF4LHC15_nnlo_100_pdfas 10
### PDFsetIndex 215 PDF4LHC15_nnlo_100_pdfas 11
### PDFsetIndex 216 PDF4LHC15_nnlo_100_pdfas 12
### PDFsetIndex 217 PDF4LHC15_nnlo_100_pdfas 13
### PDFsetIndex 218 PDF4LHC15_nnlo_100_pdfas 14
### PDFsetIndex 219 PDF4LHC15_nnlo_100_pdfas 15
### PDFsetIndex 220 PDF4LHC15_nnlo_100_pdfas 16
### PDFsetIndex 221 PDF4LHC15_nnlo_100_pdfas 17
### PDFsetIndex 222 PDF4LHC15_nnlo_100_pdfas 18
### PDFsetIndex 223 PDF4LHC15_nnlo_100_pdfas 19
### PDFsetIndex 224 PDF4LHC15_nnlo_100_pdfas 20
### PDFsetIndex 225 PDF4LHC15_nnlo_100_pdfas 21
### PDFsetIndex 226 PDF4LHC15_nnlo_100_pdfas 22
### PDFsetIndex 227 PDF4LHC15_nnlo_100_pdfas 23
### PDFsetIndex 228 PDF4LHC15_nnlo_100_pdfas 24
### PDFsetIndex 229 PDF4LHC15_nnlo_100_pdfas 25
### PDFsetIndex 230 PDF4LHC15_nnlo_100_pdfas 26
### PDFsetIndex 231 PDF4LHC15_nnlo_100_pdfas 27
### PDFsetIndex 232 PDF4LHC15_nnlo_100_pdfas 28
### PDFsetIndex 233 PDF4LHC15_nnlo_100_pdfas 29
### PDFsetIndex 234 PDF4LHC15_nnlo_100_pdfas 30
### PDFsetIndex 235 PDF4LHC15_nnlo_100_pdfas 31
### PDFsetIndex 236 PDF4LHC15_nnlo_100_pdfas 32
### PDFsetIndex 237 PDF4LHC15_nnlo_100_pdfas 33
### PDFsetIndex 238 PDF4LHC15_nnlo_100_pdfas 34
### PDFsetIndex 239 PDF4LHC15_nnlo_100_pdfas 35
### PDFsetIndex 240 PDF4LHC15_nnlo_100_pdfas 36
### PDFsetIndex 241 PDF4LHC15_nnlo_100_pdfas 37
### PDFsetIndex 242 PDF4LHC15_nnlo_100_pdfas 38
### PDFsetIndex 243 PDF4LHC15_nnlo_100_pdfas 39
### PDFsetIndex 244 PDF4LHC15_nnlo_100_pdfas 40
### PDFsetIndex 245 PDF4LHC15_nnlo_100_pdfas 41
### PDFsetIndex 246 PDF4LHC15_nnlo_100_pdfas 42
### PDFsetIndex 247 PDF4LHC15_nnlo_100_pdfas 43
### PDFsetIndex 248 PDF4LHC15_nnlo_100_pdfas 44
### PDFsetIndex 249 PDF4LHC15_nnlo_100_pdfas 45
### PDFsetIndex 250 PDF4LHC15_nnlo_100_pdfas 46
### PDFsetIndex 251 PDF4LHC15_nnlo_100_pdfas 47
### PDFsetIndex 252 PDF4LHC15_nnlo_100_pdfas 48
### PDFsetIndex 253 PDF4LHC15_nnlo_100_pdfas 49
### PDFsetIndex 254 PDF4LHC15_nnlo_100_pdfas 50
### PDFsetIndex 255 PDF4LHC15_nnlo_100_pdfas 51
### PDFsetIndex 256 PDF4LHC15_nnlo_100_pdfas 52
### PDFsetIndex 257 PDF4LHC15_nnlo_100_pdfas 53
### PDFsetIndex 258 PDF4LHC15_nnlo_100_pdfas 54
### PDFsetIndex 259 PDF4LHC15_nnlo_100_pdfas 55
### PDFsetIndex 260 PDF4LHC15_nnlo_100_pdfas 56
### PDFsetIndex 261 PDF4LHC15_nnlo_100_pdfas 57
### PDFsetIndex 262 PDF4LHC15_nnlo_100_pdfas 58
### PDFsetIndex 263 PDF4LHC15_nnlo_100_pdfas 59
### PDFsetIndex 264 PDF4LHC15_nnlo_100_pdfas 60
### PDFsetIndex 265 PDF4LHC15_nnlo_100_pdfas 61
### PDFsetIndex 266 PDF4LHC15_nnlo_100_pdfas 62
### PDFsetIndex 267 PDF4LHC15_nnlo_100_pdfas 63
### PDFsetIndex 268 PDF4LHC15_nnlo_100_pdfas 64
### PDFsetIndex 269 PDF4LHC15_nnlo_100_pdfas 65
### PDFsetIndex 270 PDF4LHC15_nnlo_100_pdfas 66
### PDFsetIndex 271 PDF4LHC15_nnlo_100_pdfas 67
### PDFsetIndex 272 PDF4LHC15_nnlo_100_pdfas 68
### PDFsetIndex 273 PDF4LHC15_nnlo_100_pdfas 69
### PDFsetIndex 274 PDF4LHC15_nnlo_100_pdfas 70
### PDFsetIndex 275 PDF4LHC15_nnlo_100_pdfas 71
### PDFsetIndex 276 PDF4LHC15_nnlo_100_pdfas 72
### PDFsetIndex 277 PDF4LHC15_nnlo_100_pdfas 73
### PDFsetIndex 278 PDF4LHC15_nnlo_100_pdfas 74
### PDFsetIndex 279 PDF4LHC15_nnlo_100_pdfas 75
### PDFsetIndex 280 PDF4LHC15_nnlo_100_pdfas 76
### PDFsetIndex 281 PDF4LHC15_nnlo_100_pdfas 77
### PDFsetIndex 282 PDF4LHC15_nnlo_100_pdfas 78
### PDFsetIndex 283 PDF4LHC15_nnlo_100_pdfas 79
### PDFsetIndex 284 PDF4LHC15_nnlo_100_pdfas 80
### PDFsetIndex 285 PDF4LHC15_nnlo_100_pdfas 81
### PDFsetIndex 286 PDF4LHC15_nnlo_100_pdfas 82
### PDFsetIndex 287 PDF4LHC15_nnlo_100_pdfas 83
### PDFsetIndex 288 PDF4LHC15_nnlo_100_pdfas 84
### PDFsetIndex 289 PDF4LHC15_nnlo_100_pdfas 85
### PDFsetIndex 290 PDF4LHC15_nnlo_100_pdfas 86
### PDFsetIndex 291 PDF4LHC15_nnlo_100_pdfas 87
### PDFsetIndex 292 PDF4LHC15_nnlo_100_pdfas 88
### PDFsetIndex 293 PDF4LHC15_nnlo_100_pdfas 89
### PDFsetIndex 294 PDF4LHC15_nnlo_100_pdfas 90
### PDFsetIndex 295 PDF4LHC15_nnlo_100_pdfas 91
### PDFsetIndex 296 PDF4LHC15_nnlo_100_pdfas 92
### PDFsetIndex 297 PDF4LHC15_nnlo_100_pdfas 93
### PDFsetIndex 298 PDF4LHC15_nnlo_100_pdfas 94
### PDFsetIndex 299 PDF4LHC15_nnlo_100_pdfas 95
### PDFsetIndex 300 PDF4LHC15_nnlo_100_pdfas 96
### PDFsetIndex 301 PDF4LHC15_nnlo_100_pdfas 97
### PDFsetIndex 302 PDF4LHC15_nnlo_100_pdfas 98
### PDFsetIndex 303 PDF4LHC15_nnlo_100_pdfas 99
### PDFsetIndex 304 PDF4LHC15_nnlo_100_pdfas 100
### PDFsetIndex 305 PDF4LHC15_nnlo_100_pdfas 101
### PDFsetIndex 306 PDF4LHC15_nnlo_100_pdfas 102
### PDFsetIndex 307 PDF4LHC15_nnlo_30_pdfas 0
### PDFsetIndex 308 PDF4LHC15_nnlo_30_pdfas 1
### PDFsetIndex 309 PDF4LHC15_nnlo_30_pdfas 2
### PDFsetIndex 310 PDF4LHC15_nnlo_30_pdfas 3
### PDFsetIndex 311 PDF4LHC15_nnlo_30_pdfas 4
### PDFsetIndex 312 PDF4LHC15_nnlo_30_pdfas 5
### PDFsetIndex 313 PDF4LHC15_nnlo_30_pdfas 6
### PDFsetIndex 314 PDF4LHC15_nnlo_30_pdfas 7
### PDFsetIndex 315 PDF4LHC15_nnlo_30_pdfas 8
### PDFsetIndex 316 PDF4LHC15_nnlo_30_pdfas 9
### PDFsetIndex 317 PDF4LHC15_nnlo_30_pdfas 10
### PDFsetIndex 318 PDF4LHC15_nnlo_30_pdfas 11
### PDFsetIndex 319 PDF4LHC15_nnlo_30_pdfas 12
### PDFsetIndex 320 PDF4LHC15_nnlo_30_pdfas 13
### PDFsetIndex 321 PDF4LHC15_nnlo_30_pdfas 14
### PDFsetIndex 322 PDF4LHC15_nnlo_30_pdfas 15
### PDFsetIndex 323 PDF4LHC15_nnlo_30_pdfas 16
### PDFsetIndex 324 PDF4LHC15_nnlo_30_pdfas 17
### PDFsetIndex 325 PDF4LHC15_nnlo_30_pdfas 18
### PDFsetIndex 326 PDF4LHC15_nnlo_30_pdfas 19
### PDFsetIndex 327 PDF4LHC15_nnlo_30_pdfas 20
### PDFsetIndex 328 PDF4LHC15_nnlo_30_pdfas 21
### PDFsetIndex 329 PDF4LHC15_nnlo_30_pdfas 22
### PDFsetIndex 330 PDF4LHC15_nnlo_30_pdfas 23
### PDFsetIndex 331 PDF4LHC15_nnlo_30_pdfas 24
### PDFsetIndex 332 PDF4LHC15_nnlo_30_pdfas 25
### PDFsetIndex 333 PDF4LHC15_nnlo_30_pdfas 26
### PDFsetIndex 334 PDF4LHC15_nnlo_30_pdfas 27
### PDFsetIndex 335 PDF4LHC15_nnlo_30_pdfas 28
### PDFsetIndex 336 PDF4LHC15_nnlo_30_pdfas 29
### PDFsetIndex 337 PDF4LHC15_nnlo_30_pdfas 30
### PDFsetIndex 338 PDF4LHC15_nnlo_30_pdfas 31
### PDFsetIndex 339 PDF4LHC15_nnlo_30_pdfas 32
