6200GeV Mass Index 30
TotalNumEvents 20000
 Total PDF Weight 
--NNPDF31_hessian set--
0	(0.35201) 
1	(0.620262) 
2	(0.629667) 
3	(0.648919) 
4	(0.653621) 
5	(0.664555) 
6	(0.692623) 
7	(0.751965) 
8	(0.751965) 
9	(0.770976) 
10	(0.787625) 
11	(0.789839) 
12	(0.812654) 
13	(0.813552) 
14	(0.814408) 
15	(0.823035) 
vv nnlo_mc set 68% CL vv
16	(0.834197) 
17	(0.835951) 
18	(0.836283) 
19	(0.845859) 
20	(0.874767) 
21	(0.883676) 
22	(0.88631) 
23	(0.892295) 
24	(0.892732) 
25	(0.899888) 
26	(0.902842) 
27	(0.909697) 
28	(0.91988) 
29	(0.92019) 
30	(0.922431) 
31	(0.927289) 
32	(0.927764) 
33	(0.947185) 
34	(0.949231) 
35	(0.949458) 
36	(0.954138) 
37	(0.959696) 
38	(0.962686) 
39	(0.963317) 
40	(0.96552) 
41	(0.967344) 
42	(0.967586) 
43	(0.969285) 
44	(0.971125) 
45	(0.971466) 
46	(0.974636) 
47	(0.975756) 
48	(0.975905) 
49	(0.994431) 
50	(1) 
51	(1.00156) 
52	(1.00217) 
53	(1.00318) 
54	(1.00334) 
55	(1.01743) 
56	(1.01912) 
57	(1.02025) 
58	(1.03366) 
59	(1.03391) 
60	(1.04519) 
61	(1.04925) 
62	(1.04926) 
63	(1.05557) 
64	(1.06139) 
65	(1.06203) 
66	(1.06486) 
67	(1.06524) 
68	(1.06743) 
69	(1.08577) 
70	(1.08994) 
71	(1.09233) 
72	(1.0925) 
73	(1.09994) 
74	(1.11786) 
75	(1.12372) 
76	(1.12613) 
77	(1.13755) 
78	(1.15997) 
79	(1.16633) 
80	(1.16845) 
81	(1.17016) 
82	(1.17802) 
83	(1.17825) 
vv nnlo_mc set 68% CL vv
84	(1.18465) 
85	(1.20046) 
86	(1.20425) 
87	(1.20679) 
88	(1.20906) 
89	(1.22113) 
90	(1.23212) 
91	(1.24316) 
92	(1.25081) 
93	(1.25172) 
94	(1.25629) 
95	(1.26053) 
96	(1.32344) 
97	(1.32905) 
98	(1.36723) 
99	(1.48067) 
100	(1.03947) 
--PDF4LHC15_nnlo_mc  set--
101	(0.851678) 
102	(1.13094) 
103	(0.910544) 
104	(0.852478) 
105	(0.906763) 
106	(0.924304) 
107	(1.21166) 
108	(0.891337) 
109	(0.892843) 
110	(0.543613) 
111	(0.862718) 
112	(0.751669) 
113	(0.893985) 
114	(0.865742) 
115	(0.895802) 
116	(0.878645) 
vv nnlo_mc set 68% CL vv
117	(0.677421) 
118	(0.873565) 
119	(1.07464) 
120	(0.920326) 
121	(0.885075) 
122	(0.68601) 
123	(0.900089) 
124	(0.90036) 
125	(0.894865) 
126	(0.900543) 
127	(0.901557) 
128	(0.899179) 
129	(0.851391) 
130	(0.847486) 
131	(0.843929) 
132	(0.783262) 
133	(0.919258) 
134	(0.899179) 
135	(0.901557) 
136	(0.933629) 
137	(0.795569) 
138	(0.857656) 
139	(0.882545) 
140	(0.833076) 
141	(0.895696) 
142	(0.904368) 
143	(0.886345) 
144	(0.85942) 
145	(0.899787) 
146	(0.713043) 
147	(0.853446) 
148	(0.932508) 
149	(0.915626) 
150	(0.560415) 
151	(0.927021) 
152	(0.882595) 
153	(0.691445) 
154	(0.807429) 
155	(0.90362) 
156	(0.884556) 
157	(0.890137) 
158	(0.632566) 
159	(0.238833) 
160	(0.524748) 
161	(0.892853) 
162	(0.889437) 
163	(0.759633) 
164	(0.887836) 
165	(0.887279) 
166	(0.867508) 
167	(0.912611) 
168	(0.645067) 
169	(0.905) 
170	(0.910125) 
171	(0.882031) 
172	(0.896618) 
173	(0.881758) 
174	(0.46049) 
175	(0.876909) 
176	(0.693734) 
177	(0.887081) 
178	(0.924852) 
179	(1.28693) 
180	(0.816375) 
181	(0.889243) 
182	(0.920326) 
183	(0.891416) 
184	(0.83344) 
vv nnlo_mc set 68% CL vv
185	(1.00815) 
186	(0.923054) 
187	(0.858754) 
188	(0.855709) 
189	(0.947755) 
190	(0.919256) 
191	(0.868031) 
192	(0.678045) 
193	(0.926239) 
194	(0.9011) 
195	(0.805133) 
196	(0.867665) 
197	(0.872462) 
198	(0.779057) 
199	(0.556861) 
200	(0.856128) 
201	(0.792732) 
--AlphaS low(0.1165) up(0.1195)--
202	(0.861003) 
203	(0.852869) 
--PDF4LHC15_nnlo_100 set--
204	(0.846819) 
205	(0.862591) 
206	(0.837677) 
207	(0.866177) 
208	(0.857165) 
209	(0.853451) 
210	(0.847169) 
211	(0.824529) 
212	(0.851411) 
213	(0.855734) 
214	(0.853813) 
215	(0.825208) 
216	(0.843808) 
217	(0.864394) 
218	(0.835228) 
219	(0.856575) 
220	(0.832282) 
221	(0.858664) 
222	(0.852311) 
223	(0.833343) 
224	(0.839909) 
225	(0.850143) 
226	(0.849087) 
227	(0.844827) 
228	(0.857783) 
229	(0.869019) 
230	(0.850644) 
231	(0.83196) 
232	(0.826041) 
233	(0.859681) 
234	(0.855443) 
235	(0.845543) 
236	(0.865038) 
237	(0.841549) 
238	(0.839358) 
239	(0.856895) 
240	(0.851455) 
241	(0.892914) 
242	(0.861058) 
243	(0.873484) 
244	(0.827281) 
245	(0.893084) 
246	(0.826001) 
247	(0.863415) 
248	(0.842897) 
249	(0.804987) 
250	(0.869362) 
251	(0.837979) 
252	(0.855828) 
253	(0.854144) 
254	(0.851719) 
255	(0.8568) 
256	(0.852149) 
257	(0.823141) 
258	(0.858958) 
259	(0.857761) 
260	(0.844691) 
261	(0.85347) 
262	(0.858014) 
263	(0.830476) 
264	(0.853287) 
265	(0.841673) 
266	(0.849887) 
267	(0.840563) 
268	(0.839426) 
269	(0.847796) 
270	(0.848954) 
271	(0.839248) 
272	(0.848816) 
273	(0.85924) 
274	(0.840523) 
275	(0.853691) 
276	(0.841572) 
277	(0.847873) 
278	(0.837144) 
279	(0.833951) 
280	(0.863653) 
281	(0.841089) 
282	(0.854271) 
283	(0.839855) 
284	(0.85189) 
285	(0.846394) 
286	(0.851837) 
287	(0.850526) 
288	(0.851262) 
289	(0.842913) 
290	(0.848273) 
291	(0.853435) 
292	(0.848989) 
293	(0.842195) 
294	(0.855293) 
295	(0.845565) 
296	(0.844031) 
297	(0.850166) 
298	(0.837079) 
299	(0.837779) 
300	(0.837492) 
301	(0.844162) 
302	(0.843007) 
303	(0.843382) 
304	(0.85075) 
--AlphaS low(0.1165) up(0.1195)--
305	(0.861003) 
306	(0.852869) 
--PDF4LHC15_nnlo_30  set--
307	(0.846826) 
308	(0.860759) 
309	(0.849465) 
310	(0.881756) 
311	(0.828384) 
312	(0.853957) 
313	(0.842479) 
314	(0.84257) 
315	(0.850181) 
316	(0.841119) 
317	(0.839289) 
318	(0.839824) 
319	(0.886464) 
320	(0.849209) 
321	(0.865533) 
322	(0.853801) 
323	(0.854515) 
324	(0.849402) 
325	(0.846492) 
326	(0.851773) 
327	(0.830736) 
328	(0.838475) 
329	(0.83881) 
330	(0.838919) 
331	(0.831993) 
332	(0.85256) 
333	(0.836406) 
334	(0.850303) 
335	(0.814857) 
336	(0.847731) 
337	(0.849255) 
--AlphaS low(0.1165) up(0.1195)--
338	(0.861003) 
339	(0.852869) 
 ============================================ 
@   mcBest_Fit[30] = 0.851678  ; 
@   Reordering[30] = 0.842785  ; 
@   mc_STDMean[30] =  0.851935  ; 
@   PDF4LHC15_mc_ord[30] = 0.165363  ; //Re-ordering 
@   PDF4LHC15_mc_std[30] = 0.135339  ; //Standard deviation 
@   AlphaS_mc[30] = -0.00406681  ; 
@   BestFit100[30] = 0.846819  ; 
@   STDMean100[30] = 0.848345  ; 
@   PDF4LHC15_he_100[30] = 0.130964  ;  //Standard deviation
@   AlphaS_100[30] = -0.00406681  ; 
@   Best_Fit30[30] = 0.846826  ; 
@   STDMean_30[30] = 0.847234  ; 
@   PDF4LHC15_he_30[30] = 0.0769568  ;  //Standard deviation
@   AlphaS_30[30] = -0.00406681  ; 
